d:\prywatne\vs_c_plus_plus\kalkulator\kalkulator\debug\vc141.pdb
d:\prywatne\vs_c_plus_plus\kalkulator\kalkulator\debug\pomoc.obj
d:\prywatne\vs_c_plus_plus\kalkulator\kalkulator\debug\plansza.obj
d:\prywatne\vs_c_plus_plus\kalkulator\kalkulator\debug\.netframework,version=v4.6.1.assemblyattributes.obj
d:\prywatne\vs_c_plus_plus\kalkulator\kalkulator\debug\.netframework,version=v4.6.1.assemblyattributes.asm
d:\prywatne\vs_c_plus_plus\kalkulator\kalkulator\debug\kalkulator.plansza.resources
d:\prywatne\vs_c_plus_plus\kalkulator\kalkulator\debug\kalkulator.pomoc.resources
d:\prywatne\vs_c_plus_plus\kalkulator\debug\kalkulator.exe
d:\prywatne\vs_c_plus_plus\kalkulator\debug\kalkulator.pdb
d:\prywatne\github\calculator\kalkulator\debug\kalkulator.vcxproj.generateresource.cache
d:\prywatne\github\calculator\kalkulator\debug\kalkulator.vcxprojassemblyreference.cache
d:\prywatne\github\calculator\kalkulator\debug\.netframework,version=v4.6.1.assemblyattributes.obj
d:\prywatne\github\calculator\kalkulator\debug\plansza.obj
d:\prywatne\github\calculator\kalkulator\debug\pomoc.obj
d:\prywatne\github\calculator\kalkulator\debug\kalkulator.plansza.resources
d:\prywatne\github\calculator\kalkulator\debug\kalkulator.pomoc.resources
d:\prywatne\github\calculator\kalkulator\debug\vc141.pdb
d:\prywatne\github\calculator\debug\kalkulator.pdb
d:\prywatne\github\calculator\debug\kalkulator.exe
d:\prywatne\github\calculator\kalkulator\debug\kalkulator.tlog\cl.command.1.tlog
d:\prywatne\github\calculator\kalkulator\debug\kalkulator.tlog\cl.read.1.tlog
d:\prywatne\github\calculator\kalkulator\debug\kalkulator.tlog\cl.write.1.tlog
d:\prywatne\github\calculator\kalkulator\debug\kalkulator.tlog\kalkulator.write.1u.tlog
d:\prywatne\github\calculator\kalkulator\debug\kalkulator.tlog\link.command.1.tlog
d:\prywatne\github\calculator\kalkulator\debug\kalkulator.tlog\link.read.1.tlog
d:\prywatne\github\calculator\kalkulator\debug\kalkulator.tlog\link.write.1.tlog
d:\prywatne\github\calculator\kalkulator\debug\kalkulator.tlog\metagen.read.1.tlog
d:\prywatne\github\calculator\kalkulator\debug\kalkulator.tlog\metagen.write.1.tlog
